<?xml version="1.0" encoding="UTF-8"?>
<!-- Generated by org.testng.reporters.JUnitXMLReporter -->
<testsuite ignored="0" hostname="LAPTOP-68FBL0HI" failures="0" tests="4" name="TestNG Annotation" time="192.93" errors="0" timestamp="2022-06-17T20:59:14 BDT">
  <testcase classname="testcase.Login" name="Login" time="15.074"/>
  <testcase classname="testcase.Login" name="Course" time="59.351"/>
  <testcase classname="testcase.Login" name="MyCourse" time="79.083"/>
  <testcase classname="testcase.Login" name="My_profile" time="19.216"/>
</testsuite> <!-- TestNG Annotation -->
