<?xml version="1.0" encoding="UTF-8"?>
<!-- Generated by org.testng.reporters.JUnitXMLReporter -->
<testsuite ignored="4" hostname="LAPTOP-68FBL0HI" failures="0" tests="4" name="Default test" time="208.707" errors="0" timestamp="2022-06-17T21:30:58 BDT">
  <testcase classname="testcase.SignIn" name="Login" time="15.228"/>
  <testcase classname="testcase.SignIn" name="Course" time="67.311"/>
  <testcase classname="testcase.SignIn" name="MyCourse" time="79.774"/>
  <testcase classname="testcase.SignIn" name="My_profile" time="26.727"/>
  <testcase classname="base.Driver" name="@BeforeSuite setup" time="0.0">
    <ignored/>
  </testcase> <!-- @BeforeSuite setup -->
  <testcase classname="base.Driver" name="@BeforeSuite setup" time="0.0">
    <ignored/>
  </testcase> <!-- @BeforeSuite setup -->
  <testcase classname="base.Driver" name="@AfterSuite tearDown" time="0.0">
    <ignored/>
  </testcase> <!-- @AfterSuite tearDown -->
  <testcase classname="base.Driver" name="@AfterSuite tearDown" time="0.0">
    <ignored/>
  </testcase> <!-- @AfterSuite tearDown -->
</testsuite> <!-- Default test -->
