<?xml version="1.0" encoding="UTF-8"?>
<!-- Generated by org.testng.reporters.JUnitXMLReporter -->
<testsuite ignored="1" hostname="LAPTOP-68FBL0HI" failures="0" tests="2" name="Default test" time="61.846" errors="0" timestamp="2022-06-15T20:36:57 BDT">
  <testcase classname="testcase.Registration" name="Login" time="14.705"/>
  <testcase classname="testcase.Registration" name="Course" time="39.212"/>
  <testcase classname="base.Driver" name="@BeforeSuite setup" time="0.0">
    <ignored/>
  </testcase> <!-- @BeforeSuite setup -->
</testsuite> <!-- Default test -->
