<?xml version="1.0" encoding="UTF-8"?>
<testng-results ignored="1" total="2" passed="1" failed="0" skipped="0">
  <reporter-output>
  </reporter-output>
  <suite started-at="2022-06-14T16:07:38 BDT" name="Default suite" finished-at="2022-06-14T16:08:58 BDT" duration-ms="80154">
    <groups>
    </groups>
    <test started-at="2022-06-14T16:07:38 BDT" name="Default test" finished-at="2022-06-14T16:08:58 BDT" duration-ms="80154">
      <class name="base.Driver">
        <test-method is-config="true" signature="setup()[pri:0, instance:base.Driver@32502377]" started-at="2022-06-14T16:07:36 BDT" name="setup" finished-at="2022-06-14T16:07:38 BDT" duration-ms="1814" status="PASS">
          <reporter-output>
          </reporter-output>
        </test-method> <!-- setup -->
      </class> <!-- base.Driver -->
      <class name="testcase.Registration">
        <test-method is-config="true" signature="openPage()[pri:0, instance:testcase.Registration@201a4587]" started-at="2022-06-14T16:07:38 BDT" name="openPage" finished-at="2022-06-14T16:08:06 BDT" duration-ms="27888" status="PASS">
          <reporter-output>
          </reporter-output>
        </test-method> <!-- openPage -->
        <test-method signature="registration()[pri:0, instance:testcase.Registration@201a4587]" started-at="2022-06-14T16:08:06 BDT" name="registration" finished-at="2022-06-14T16:08:58 BDT" duration-ms="52226" status="PASS">
          <reporter-output>
          </reporter-output>
        </test-method> <!-- registration -->
      </class> <!-- testcase.Registration -->
    </test> <!-- Default test -->
  </suite> <!-- Default suite -->
</testng-results>
