<?xml version="1.0" encoding="UTF-8"?>
<testng-results ignored="4" total="8" passed="4" failed="0" skipped="0">
  <reporter-output>
  </reporter-output>
  <suite started-at="2022-06-17T21:27:29 BDT" name="Default suite" finished-at="2022-06-17T21:30:58 BDT" duration-ms="208707">
    <groups>
    </groups>
    <test started-at="2022-06-17T21:27:29 BDT" name="Default test" finished-at="2022-06-17T21:30:58 BDT" duration-ms="208707">
      <class name="base.Driver">
        <test-method is-config="true" signature="setup()[pri:0, instance:base.Driver@54a7079e]" started-at="2022-06-17T21:27:27 BDT" name="setup" finished-at="2022-06-17T21:27:29 BDT" duration-ms="1723" status="PASS">
          <reporter-output>
          </reporter-output>
        </test-method> <!-- setup -->
        <test-method is-config="true" signature="tearDown()[pri:0, instance:base.Driver@54a7079e]" started-at="2022-06-17T21:30:58 BDT" name="tearDown" finished-at="2022-06-17T21:30:58 BDT" duration-ms="324" status="PASS">
          <reporter-output>
          </reporter-output>
        </test-method> <!-- tearDown -->
      </class> <!-- base.Driver -->
      <class name="testcase.SignIn">
        <test-method is-config="true" signature="openPage()[pri:0, instance:testcase.SignIn@7d4f9aae]" started-at="2022-06-17T21:27:29 BDT" name="openPage" finished-at="2022-06-17T21:27:41 BDT" duration-ms="12244" status="PASS">
          <reporter-output>
          </reporter-output>
        </test-method> <!-- openPage -->
        <test-method signature="Login()[pri:2, instance:testcase.SignIn@7d4f9aae]" started-at="2022-06-17T21:27:41 BDT" name="Login" finished-at="2022-06-17T21:27:56 BDT" duration-ms="15228" status="PASS">
          <reporter-output>
          </reporter-output>
        </test-method> <!-- Login -->
        <test-method signature="Course()[pri:3, instance:testcase.SignIn@7d4f9aae]" started-at="2022-06-17T21:27:56 BDT" name="Course" finished-at="2022-06-17T21:29:04 BDT" duration-ms="67311" status="PASS">
          <reporter-output>
          </reporter-output>
        </test-method> <!-- Course -->
        <test-method signature="MyCourse()[pri:4, instance:testcase.SignIn@7d4f9aae]" started-at="2022-06-17T21:29:04 BDT" name="MyCourse" finished-at="2022-06-17T21:30:24 BDT" duration-ms="79774" status="PASS">
          <reporter-output>
          </reporter-output>
        </test-method> <!-- MyCourse -->
        <test-method signature="My_profile()[pri:5, instance:testcase.SignIn@7d4f9aae]" started-at="2022-06-17T21:30:24 BDT" name="My_profile" finished-at="2022-06-17T21:30:50 BDT" duration-ms="26727" status="PASS">
          <reporter-output>
          </reporter-output>
        </test-method> <!-- My_profile -->
        <test-method is-config="true" signature="Logout()[pri:0, instance:testcase.SignIn@7d4f9aae]" started-at="2022-06-17T21:30:50 BDT" name="Logout" finished-at="2022-06-17T21:30:58 BDT" duration-ms="7380" status="PASS">
          <reporter-output>
          </reporter-output>
        </test-method> <!-- Logout -->
      </class> <!-- testcase.SignIn -->
    </test> <!-- Default test -->
  </suite> <!-- Default suite -->
</testng-results>
